<?xml version="1.0" encoding="UTF-8"?>
<!-- Generated by org.testng.reporters.JUnitXMLReporter -->
<testsuite ignored="1" hostname="Pravin" failures="0" tests="3" name="Test" time="64.413" errors="0" timestamp="2024-05-29T02:21:57 IST">
  <testcase classname="com.mystore.testcases.TC_MyAccountPageTest" name="VerifyLogin" time="2.382"/>
  <testcase classname="com.mystore.testcases.TC_ProductPageTest" name="VerifySearchProduct" time="7.865"/>
  <testcase classname="com.mystore.testcases.TC_BuyProduct" name="AddToCart" time="23.38"/>
  <testcase classname="com.mystore.testcases.TC_MyAccountPageTest" name="VerifyRegistraionLogin" time="0.0">
    <ignored/>
  </testcase> <!-- VerifyRegistraionLogin -->
</testsuite> <!-- Test -->
