<?xml version="1.0" encoding="UTF-8"?>
<testng-results ignored="0" total="1" passed="1" failed="0" skipped="0">
  <reporter-output>
  </reporter-output>
  <suite started-at="2024-05-29T23:47:06 IST" name="Default suite" finished-at="2024-05-29T23:47:45 IST" duration-ms="38656">
    <groups>
    </groups>
    <test started-at="2024-05-29T23:47:06 IST" name="Default test" finished-at="2024-05-29T23:47:45 IST" duration-ms="38656">
      <class name="com.mystore.testcases.TC_BuyProduct">
        <test-method is-config="true" signature="setup()[pri:0, instance:com.mystore.testcases.TC_BuyProduct@2a5c8d3f]" started-at="2024-05-29T23:47:06 IST" name="setup" finished-at="2024-05-29T23:47:14 IST" duration-ms="7689" status="PASS">
          <reporter-output>
          </reporter-output>
        </test-method> <!-- setup -->
        <test-method signature="AddToCart()[pri:0, instance:com.mystore.testcases.TC_BuyProduct@2a5c8d3f]" started-at="2024-05-29T23:47:14 IST" name="AddToCart" finished-at="2024-05-29T23:47:45 IST" duration-ms="30833" status="PASS">
          <reporter-output>
          </reporter-output>
        </test-method> <!-- AddToCart -->
      </class> <!-- com.mystore.testcases.TC_BuyProduct -->
    </test> <!-- Default test -->
  </suite> <!-- Default suite -->
</testng-results>
